<?xml version="1.0" encoding="UTF-8"?>
<!-- Generated by org.testng.reporters.JUnitReportReporter -->
<testsuite hostname="DESKTOP-PBIIE30" failures="0" tests="1" name="TestCases.MailTests" time="47.592" errors="0" timestamp="2021-10-15T16:24:53 IST" skipped="0">
  <testcase classname="TestCases.MailTests" name="writeMailTest" time="47.592"/>
  <system-out/>
</testsuite> <!-- TestCases.MailTests -->
