<?xml version="1.0" encoding="UTF-8"?>
<!-- Generated by org.testng.reporters.JUnitReportReporter -->
<testsuite hostname="DESKTOP-PBIIE30" failures="0" tests="1" name="TestCases.MyStockTest" time="59.327" errors="0" timestamp="2021-10-14T19:54:50 IST" skipped="0">
  <testcase classname="TestCases.MyStockTest" name="AddStockTest" time="59.327"/>
  <system-out/>
</testsuite> <!-- TestCases.MyStockTest -->
